<?xml version="1.0" encoding="UTF-8"?>
<!-- Generated by org.testng.reporters.JUnitReportReporter -->
<testsuite hostname="lenovo" failures="0" tests="1" name="testscripts.Control" time="307.999" errors="0" timestamp="3 Oct 2018 02:42:20 GMT">
  <testcase classname="testscripts.Control" name="controlmethod" time="307.999"/>
</testsuite> <!-- testscripts.Control -->
